Stray ".ends" card: .ends

   --- Expanded Deck Component Count ---
A's 3
B's 2
C's 19
D's 18
G's 3
I's 7
L's 1
M's 2
Q's 19
R's 30
V's 6
tot: 110


    --- Expanded Netlist ---
* Z:\home\mainster\CODES_local\LTSpice_projects\LIBRARYS\alternative_libs\Bordodynov\LTspiceIV\lib\sym\EXTRA\AudioOpamp\NS\LM3886_MV2LT1363TRANSasc-2.asc
q1 vpos n018 n029 0 2n3904
q2 vpos n003 n006 0 npn
q3 n010 gndpin n009 0 2n3904
q4 vpos n006 n013 0 npn
q5 n025 n039 n041 0 npn
q6 n034 n038 n040 0 npn
q7 n025 n036 n039 0 npn
q9 n032 n037 n042 0 bf720
q10 n033 n037 n043 0 bf720
q11 vpos n032 n037 0 bf720
q12 vpos n033 n038 0 npn
q13 n015 n010 n007 0 2n3906
q14 n017 n011 n007 0 2n3906
q15 n032 n029 n027 0 qbf723
q16 n032 n024 n022 0 2n3906
q18 n033 n023 n021 0 2n3906
r1 n015 n027 1k1
d1 n004 n010 d
d2 n001 n004 d
r2 vpos n001 1k
r3 n009 n008 1k
d3 n008 p001 d
d4 p001 mute d
r4 n017 n021 4k7
r5 n017 n022 4k7
r6 n023 gndpin 10k
d5 n005 n011 d
d6 n002 n005 d
r7 vpos n002 1k
q19 n033 n031 n030 0 qbf723
r8 n015 n030 1k1
r9 n042 vneg 2k2
r10 n043 vneg 2k2
r11 n040 vneg 800
d7 n036 n040 d
r12 n041 vneg 0.45
r13 n039 vneg 150
r14 n006 n025 150
r15 n013 n025 0.45
d8 n003 n012 d
d9 n012 n014 d
d10 n014 n034 d
q20 n036 n034 n025 0 pnp
r16 n025 n024 10k
c1 n025 n033 10pf
d11 n024 gndpin d
d12 gndpin n024 d
i1 n029 vneg 0.5ma
i2 n031 vneg 0.5ma
i3 n037 vneg 10ma
i4 n038 vneg 5ma
i5 n011 vneg 1ma
q17 vpos in+ n031 0 2n3904
r17 n020 0 4
r18 mute v- 10k
c2 mute 0 10µf
v1 n035 0 sine(6.727mv 1 20khz) ac 1
v2 vpos 0 35
v3 0 vneg 35
i6 vpos n003 10ma
i7 vpos n007 1ma
r21 in+ 0 100
r22 in+ n019 3k3
v4 +12v 0 12
v5 0 -12v 12
c13 n016 n019 820pf
r23 n018 in 2k
c7 n018 0 68pf
r24 n018 out 41k
c3 n018 out 12pf
a:u1:1 n018 0 0 0 0 0 0 0 ota g=0 in=1p ink=200
c:u1:2 n018 0 .1p rpar=5meg noiseless
b:u1:1 0 u1:n004 i=10u*dnlim(uplim(v(0),v(+12v)-1.4,.1), v(-12v)+1.6, .1)+1n*v(0)
b:u1:2 u1:n004 0 i=10u*dnlim(uplim(v(n018),v(+12v)-1.39,.1), v(-12v)+1.59, .1)+1n*v(n018)
c:u1:9 +12v n018 1.5p rpar=100meg noiseless
c:u1:10 u1:n004 0 6f rpar=100k noiseless
m:u1:1 +12v u1:n005 n019 n019 u1:n temp=27
m:u1:2 -12v u1:n005 n019 n019 u1:p temp=27
c:u1:3 +12v n019 1p 
d:u1:5 u1:n005 n019 u1:yu 
d:u1:6 n019 u1:n005 u1:yd 
r:u1:2 +12v u1:n006 80meg noiseless 
r:u1:3 u1:n006 -12v 80meg noiseless 
c:u1:13 u1:n006 n019 20p rser=200k noiseless
c:u1:4 n019 -12v 1p 
c:u1:1 n018 -12v 1.5p rpar=100meg noiseless
c:u1:6 +12v 0 1.5p rpar=100meg noiseless
c:u1:7 0 -12v 1.5p rpar=100meg noiseless
a:u1:6 0 u1:n004 0 0 0 0 u1:n007 0 ota g=1u linear cout=1.5f en=9n enk=250 vhigh=1e308 vlow=-1e308
d:u1:2 n018 -12v u1:dbias 
d:u1:4 0 -12v u1:dbias 
a:u1:3 0 u1:n007 0 0 0 0 u1:n006 0 ota g=225u iout=5m cout=512f vlow=-1e308 vhigh=1e308
d:u1:1 u1:n007 0 u1:dslewlim 
g:u1:1 0 u1:n005 u1:n006 0 1µ
c:u1:8 0 u1:n005 .6f rpar=1meg noiseless
d:u1:3 +12v -12v u1:dc 
c:u1:11 u1:n006 n019 800f rser=4k noiseless
g:u1:2 u1:n006 0 u1:n006 +12v 100m dir=1 vto=-.811
g:u1:3 0 u1:n006 -12v u1:n006 100m dir=1 vto=-.635
r25 in+ n016 1k6
c4 n020 n028 1µf
r19 out n025 0.0001
c5 in 0 100
r20 in 0 1meg
r26 n028 0 0.1
l1 n020 out 2µh
r27 n020 out 22
c6 in+ n026 33pf
r28 n019 n026 25
v6 in 0 pwl(0 0 10us 0 10.1us 1 20us 1 20.1us -1 30us -1 30.1us 1)
.model 2n3906 pnp(is=1e-14 vaf=100 bf=200 ikf=0.4 xtb=1.5 br=4 cjc=4.5e-12 cje=10e-12 rb=20 rc=0.1 re=0.1 tr=250e-9 tf=350e-12 itf=1 vtf=2 xtf=3 vceo=40 icrating=200m mfg=philips)
.model 2n3904 npn(is=1e-14 vaf=100 bf=300 ikf=0.4 xtb=1.5 br=4 cjc=4e-12 cje=8e-12 rb=20 rc=0.1 re=0.1 tr=250e-9 tf=350e-12 itf=1 vtf=2 xtf=3 vceo=40 icrating=200m mfg=philips)
.model bf720 npn is=1.285e-014 nf=0.9841 ise=1.56e-014 ne=1.387 bf=159.3 ikf=0.01406 vaf=19.72 nr=0.9898 isc=5.445e-016 nc=1.224 br=7.551 ikr=0.4786 var=54.95 rb=1.5 irb=7e-005 rbm=460 re=0.003999 rc=0.3995 xtb=0 eg=1.11 xti=3 cje=3.899e-011 vje=0.6544 mje=0.3086 tf=2e-009 xtf=30 vtf=1.652 itf=0.05943 ptf=0 cjc=5.94e-012 vjc=0.3006 mjc=0.3099 xcjc=1 tr=1e-008 cjs=0 vjs=0.75 mjs=0.333 fc=0.8177
.model qbf723 pnp is=1.737e-14 nf=0.9934 ise=8.208e-15 ne=1.559 bf=141.4 ikf=0.8 vaf=350 nr=0.9755 isc=2.097e-10 nc=1.65 br=2.5 ikr=0.06 var=17 rb=70 irb=5e-05 rbm=0.3 re=0.418 rc=2.5 xtb=0 eg=1.11 xti=3 cje=3.916e-11 vje=0.7361 mje=0.3612 tf=1.356e-09 xtf=19 vtf=9 itf=0.2 ptf=0 cjc=1.071e-11 vjc=0.726 mjc=0.5717 xcjc=0.413 tr=3.3e-07 cjs=0 vjs=0.75 mjs=0.333 fc=0.999
.model pnp pnp
.model npn npn
.model d d
.model u1:dc d(ron=2k roff=1g vfwd=1 epsilon=.1 ilimit=4.103m noiseless)
.model u1:dslewlim d(ron=410k roff=1meg vfwd=1 vrev=1 epsilon=.2 revepsilon=.2 noiseless)
.model u1:dbias d(ron=100k roff=1g vfwd=.6 ilimit=.6u noiseless)
.model u1:p vdmos(vto=150m kp=120m pchan)
.model u1:n vdmos(vto=-180m kp=230m)
.model u1:yd d(ron=100 roff=1t vfwd=1.2 epsilon=.1 noiseless)
.model u1:yu d(ron=100 roff=1t vfwd=.755 epsilon=.1 noiseless)
.tran 0.1 startup
.end

WARNING: Less than two connections to node V-.  This node is used by R18.
WARNING: Less than two connections to node N035.  This node is used by V1.
Direct Newton iteration for .op point succeeded.
Changing Tseed to 9.76562e-009
Changing Tseed to 9.76563e-011
Changing Tseed to 9.76562e-008
Changing Tseed to 9.76562e-012
Changing Tseed to 9.76563e-007
Changing Tseed to 9.76562e-013
Changing Tseed to 9.76562e-006
Changing Tseed to 9.76563e-014
Changing Tseed to 9.76563e-005
Changing Tseed to 9.76562e-015
Changing Tseed to 0.000976563
Changing Tseed to 9.76562e-016
N-Period=1
Fourier components of V(out)
DC component:10.2272

Harmonic	Frequency	 Fourier 	Normalized	 Phase  	Normalized
 Number 	  [Hz]   	Component	 Component	[degree]	Phase [deg]
    1   	2.000e+04	1.102e-03	1.000e+00	 -180.00°	    0.00°
    2   	4.000e+04	5.512e-04	5.000e-01	 -180.00°	    0.00°
    3   	6.000e+04	3.674e-04	3.333e-01	 -179.99°	    0.01°
    4   	8.000e+04	2.756e-04	2.500e-01	 -180.00°	   -0.00°
    5   	1.000e+05	2.206e-04	2.001e-01	 -179.97°	    0.03°
    6   	1.200e+05	1.838e-04	1.667e-01	  179.98°	  359.98°
    7   	1.400e+05	1.574e-04	1.428e-01	  179.96°	  359.95°
    8   	1.600e+05	1.378e-04	1.250e-01	  180.00°	  359.99°
    9   	1.800e+05	1.225e-04	1.111e-01	  179.99°	  359.99°
Total Harmonic Distortion: 73.475108%(80.314448%)



Date: Thu Apr 23 12:29:02 2015
Total elapsed time: 9.973 seconds.

tnom = 27
temp = 27
method = modified trap
totiter = 164554
traniter = 164517
tranpoints = 81135
accept = 48838
rejected = 32285
matrix size = 100
fillins = 161
solver = Normal
Matrix Compiler1: 15.7 KB object code size  11.0/6.1/[2.9]
Matrix Compiler2: 11.6 KB object code size  4.6/4.3/[1.7]


