     1	169.003
     2	163.151
     3	160.291
     4	158.231
     5	156.541
     6	155.062
     7	153.715
     8	152.459
     9	151.265
    10	150.117
    11	149.004
    12	147.915
    13	146.846
    14	145.792
    15	144.75
    16	143.717
    17	142.691
    18	141.67
    19	140.654
    20	139.642
    21	138.634
    22	137.628
    23	136.626
    24	135.627
    25	134.633
    26	133.646
    27	132.668
    28	131.705
    29	130.764
    30	129.853
    31	128.987
    32	128.18
    33	127.449
    34	126.806
    35	126.257
    36	125.802
    37	125.433
    38	125.14
    39	124.908
    40	124.726
    41	124.583
    42	124.472
    43	124.384
    44	124.315
    45	124.261
    46	124.219
    47	124.185
    48	124.159
    49	124.138
    50	124.121
    51	124.108
    52	124.098
    53	124.09
    54	124.083
    55	124.078
    56	124.074
    57	124.071
    58	124.068
    59	124.066
    60	124.064
    61	124.064


Date: Wed Jun 24 08:01:43 2015
Total elapsed time: 2.101 seconds.

tnom = 27
temp = 20
method = trap
totiter = 0
traniter = 0
tranpoints = 0
accept = 0
rejected = 0
matrix size = 9
fillins = 0
solver = Normal

