 11
 13.8482
 17.4338
 21.9479
 27.6308
 34.7851
 43.7918
 55.1306
 69.4053
 87.3761
 110
 138.482
 174.338
 219.479
 276.308
 347.851
 437.918
 551.306
 694.053
 873.761
 1100
 1384.82
 1743.38
 2194.79
 2763.08
 3478.51
 4379.18
 5513.06
 6940.53
 8737.61
 11000
 13848.2
 17433.8
 21947.9
 27630.8
 34785.1
 43791.8
 55130.6
 69405.3
 87376.1
 110000
 138482
 174338
 219479
 276308
 347851
 437918
 551306
 694053
 873761
 1.1e+006
 1.38482e+006
 1.74338e+006
 2.19479e+006
 2.76308e+006
 3.47851e+006
 4.37918e+006
 5.51306e+006
 6.94053e+006
 8.73761e+006
 1e+007
